-------------------------------------------------------------------------------
Test set: com.example.demo.DemoApplicationTests
-------------------------------------------------------------------------------
Tests run: 1, Failures: 0, Errors: 1, Skipped: 0, Time elapsed: 6.151 s <<< FAILURE! - in com.example.demo.DemoApplicationTests
contextLoads  Time elapsed: 0.002 s  <<< ERROR!
java.lang.IllegalStateException: Failed to load ApplicationContext
Caused by: org.springframework.beans.factory.BeanCreationException: 
Error creating bean with name 'dataSourceScriptDatabaseInitializer' defined in class path resource [org/springframework/boot/autoconfigure/sql/init/DataSourceInitializationConfiguration.class]: Invocation of init method failed; nested exception is org.springframework.jdbc.datasource.init.ScriptStatementFailedException: Failed to execute SQL script statement #1 of URL [file:/C:/Users/jt/Desktop/Projetos/Spring/curso/api/target/classes/data.sql]: DELETE FROM Usuario; nested exception is org.h2.jdbc.JdbcSQLSyntaxErrorException: Table "USUARIO" not found; SQL statement:
DELETE FROM Usuario [42102-200]
Caused by: org.springframework.jdbc.datasource.init.ScriptStatementFailedException: 
Failed to execute SQL script statement #1 of URL [file:/C:/Users/jt/Desktop/Projetos/Spring/curso/api/target/classes/data.sql]: DELETE FROM Usuario; nested exception is org.h2.jdbc.JdbcSQLSyntaxErrorException: Table "USUARIO" not found; SQL statement:
DELETE FROM Usuario [42102-200]
Caused by: org.h2.jdbc.JdbcSQLSyntaxErrorException: 
Table "USUARIO" not found; SQL statement:
DELETE FROM Usuario [42102-200]

